<?xml version="1.0" encoding="UTF-8" standalone="no"?>
<testsuite errors="0" failures="4" name="io.cucumber.core.plugin.JUnitFormatter" skipped="0" tests="9" time="90.389">
    <testcase classname="BlazeDemo purchase flight" name="Choosing Departure and destination Cities and finding flights" time="11.346">
        <system-out><![CDATA[Given I am on the Welcome to Simple Travel Agency landing page..............passed
When I choose the "Boston" and "Rome" from the drop down....................passed
Then I should be able to see "Boston" and "Rome" on the BlazeDemo reserve page.passed
]]></system-out>
    </testcase>
    <testcase classname="BlazeDemo purchase flight" name="Choosing Departure and destination Cities and finding flights 2" time="9.85">
        <system-out><![CDATA[Given I am on the Welcome to Simple Travel Agency landing page..............passed
When I choose the "Boston" and "London" from the drop down..................passed
Then I should be able to see "Boston" and "London" on the BlazeDemo reserve page.passed
]]></system-out>
    </testcase>
    <testcase classname="BlazeDemo purchase flight" name="Choosing Departure and destination Cities and finding flights 3" time="10.138">
        <system-out><![CDATA[Given I am on the Welcome to Simple Travel Agency landing page..............passed
When I choose the "Portland" and "New York" from the drop down..............passed
Then I should be able to see "Portland" and "New York" on the BlazeDemo reserve page.passed
]]></system-out>
    </testcase>
    <testcase classname="As a a first time buyer I want to be able to use mixture of some default  values and my chosen values to calculate mortgage rates" name="Calculate Mortgage rate with given values and default values" time="10.534">
        <system-out><![CDATA[Given I am on the Mortgage Calculator website...............................passed
When I enter "50000", "20000", "5", "25", "Sep" and "2020"..................passed
And accept default value for all the remaining values.......................passed
Then I should get mortage offer with "$458.71", "$20,000.00", "40.00%", "Aug, 2045", "$22,613.10" and "$203.00".passed
]]></system-out>
    </testcase>
    <testcase classname="As a a first time buyer I want to be able to use mixture of some default  values and my chosen values to calculate mortgage rates" name="Calculate Mortgage rate with given values and default values 2" time="11.194">
        <system-out><![CDATA[Given I am on the Mortgage Calculator website...............................passed
When I enter the following..................................................passed
And accept default value for all the remaining values.......................passed
Then I should get mortage offer with "$458.71", "$20,000.00", "40.00%", "Aug, 2045", "$22,613.10" and "$203.00".passed
]]></system-out>
    </testcase>
    <testcase classname="Confirm whether a visa is required to visit the UK" name="Nationalities coming to UK for Tourism and not visiting Family will require Visa with Examples" time="9.758">
        <failure message="no such element: Unable to locate element: {&quot;method&quot;:&quot;xpath&quot;,&quot;selector&quot;:&quot;//button[contains(text(),'Next step')]&quot;}&#10;  (Session info: chrome=88.0.4324.104)&#10;For documentation on this error, please visit: http://seleniumhq.org/exceptions/no_such_element.html&#10;Build info: version: '3.14.0', revision: 'aacccce0', time: '2018-08-02T20:19:58.91Z'&#10;System info: host: 'BOBBY-PC', ip: '192.168.1.25', os.name: 'Windows 10', os.arch: 'amd64', os.version: '10.0', java.version: '15.0.1'&#10;Driver info: org.openqa.selenium.chrome.ChromeDriver&#10;Capabilities {acceptInsecureCerts: false, browserName: chrome, browserVersion: 88.0.4324.104, chrome: {chromedriverVersion: 87.0.4280.88 (89e2380a3e36c..., userDataDir: C:\Users\Bobby\AppData\Loca...}, goog:chromeOptions: {debuggerAddress: localhost:50131}, javascriptEnabled: true, networkConnectionEnabled: false, pageLoadStrategy: normal, platform: WINDOWS, platformName: WINDOWS, proxy: Proxy(), setWindowRect: true, strictFileInteractability: false, timeouts: {implicit: 0, pageLoad: 300000, script: 30000}, unhandledPromptBehavior: dismiss and notify, webauthn:virtualAuthenticators: true}&#10;Session ID: c3c7017dbcd85fe4da049978f5506250&#10;*** Element info: {Using=xpath, value=//button[contains(text(),'Next step')]}" type="org.openqa.selenium.NoSuchElementException"><![CDATA[Given I am on the UKBA website..............................................passed
When I provide nationality of "Russia"......................................passed
And I click on the Next step button.........................................failed
And I select the reason as "Tourism"........................................skipped
And I click on the Next step button.........................................skipped
And I state that I am not visiting a partner of family......................skipped
And I submit the form.......................................................skipped
Then I will be informed "You’ll need a visa to come to the UK"..............skipped

StackTrace:
org.openqa.selenium.NoSuchElementException: no such element: Unable to locate element: {"method":"xpath","selector":"//button[contains(text(),'Next step')]"}
  (Session info: chrome=88.0.4324.104)
For documentation on this error, please visit: http://seleniumhq.org/exceptions/no_such_element.html
Build info: version: '3.14.0', revision: 'aacccce0', time: '2018-08-02T20:19:58.91Z'
System info: host: 'BOBBY-PC', ip: '192.168.1.25', os.name: 'Windows 10', os.arch: 'amd64', os.version: '10.0', java.version: '15.0.1'
Driver info: org.openqa.selenium.chrome.ChromeDriver
Capabilities {acceptInsecureCerts: false, browserName: chrome, browserVersion: 88.0.4324.104, chrome: {chromedriverVersion: 87.0.4280.88 (89e2380a3e36c..., userDataDir: C:\Users\Bobby\AppData\Loca...}, goog:chromeOptions: {debuggerAddress: localhost:50131}, javascriptEnabled: true, networkConnectionEnabled: false, pageLoadStrategy: normal, platform: WINDOWS, platformName: WINDOWS, proxy: Proxy(), setWindowRect: true, strictFileInteractability: false, timeouts: {implicit: 0, pageLoad: 300000, script: 30000}, unhandledPromptBehavior: dismiss and notify, webauthn:virtualAuthenticators: true}
Session ID: c3c7017dbcd85fe4da049978f5506250
*** Element info: {Using=xpath, value=//button[contains(text(),'Next step')]}
	at java.base/jdk.internal.reflect.NativeConstructorAccessorImpl.newInstance0(Native Method)
	at java.base/jdk.internal.reflect.NativeConstructorAccessorImpl.newInstance(NativeConstructorAccessorImpl.java:64)
	at java.base/jdk.internal.reflect.DelegatingConstructorAccessorImpl.newInstance(DelegatingConstructorAccessorImpl.java:45)
	at java.base/java.lang.reflect.Constructor.newInstanceWithCaller(Constructor.java:500)
	at java.base/java.lang.reflect.Constructor.newInstance(Constructor.java:481)
	at org.openqa.selenium.remote.http.W3CHttpResponseCodec.createException(W3CHttpResponseCodec.java:187)
	at org.openqa.selenium.remote.http.W3CHttpResponseCodec.decode(W3CHttpResponseCodec.java:122)
	at org.openqa.selenium.remote.http.W3CHttpResponseCodec.decode(W3CHttpResponseCodec.java:49)
	at org.openqa.selenium.remote.HttpCommandExecutor.execute(HttpCommandExecutor.java:158)
	at org.openqa.selenium.remote.service.DriverCommandExecutor.execute(DriverCommandExecutor.java:83)
	at org.openqa.selenium.remote.RemoteWebDriver.execute(RemoteWebDriver.java:548)
	at org.openqa.selenium.remote.RemoteWebDriver.findElement(RemoteWebDriver.java:322)
	at org.openqa.selenium.remote.RemoteWebDriver.findElementByXPath(RemoteWebDriver.java:424)
	at org.openqa.selenium.By$ByXPath.findElement(By.java:353)
	at org.openqa.selenium.remote.RemoteWebDriver.findElement(RemoteWebDriver.java:314)
	at step_defintions.UkbaStepDefinitions.i_click_on_the_next_step_button(UkbaStepDefinitions.java:41)
	at ✽.I click on the Next step button(file:///C:/Users/Bobby/IdeaProjects/abdul1200/learntoautomatefunctionaltest_uiB/src/main/resources/feature_files/Ukba.feature:68)
]]></failure>
    </testcase>
    <testcase classname="Confirm whether a visa is required to visit the UK" name="Nationalities coming to UK for Tourism and not visiting Family will require Visa with Examples 2" time="9.116">
        <failure message="no such element: Unable to locate element: {&quot;method&quot;:&quot;xpath&quot;,&quot;selector&quot;:&quot;//button[contains(text(),'Next step')]&quot;}&#10;  (Session info: chrome=88.0.4324.104)&#10;For documentation on this error, please visit: http://seleniumhq.org/exceptions/no_such_element.html&#10;Build info: version: '3.14.0', revision: 'aacccce0', time: '2018-08-02T20:19:58.91Z'&#10;System info: host: 'BOBBY-PC', ip: '192.168.1.25', os.name: 'Windows 10', os.arch: 'amd64', os.version: '10.0', java.version: '15.0.1'&#10;Driver info: org.openqa.selenium.chrome.ChromeDriver&#10;Capabilities {acceptInsecureCerts: false, browserName: chrome, browserVersion: 88.0.4324.104, chrome: {chromedriverVersion: 87.0.4280.88 (89e2380a3e36c..., userDataDir: C:\Users\Bobby\AppData\Loca...}, goog:chromeOptions: {debuggerAddress: localhost:50151}, javascriptEnabled: true, networkConnectionEnabled: false, pageLoadStrategy: normal, platform: WINDOWS, platformName: WINDOWS, proxy: Proxy(), setWindowRect: true, strictFileInteractability: false, timeouts: {implicit: 0, pageLoad: 300000, script: 30000}, unhandledPromptBehavior: dismiss and notify, webauthn:virtualAuthenticators: true}&#10;Session ID: 54b06d19418c90afb01f69dfc564935a&#10;*** Element info: {Using=xpath, value=//button[contains(text(),'Next step')]}" type="org.openqa.selenium.NoSuchElementException"><![CDATA[Given I am on the UKBA website..............................................passed
When I provide nationality of "Cuba"........................................passed
And I click on the Next step button.........................................failed
And I select the reason as "Tourism"........................................skipped
And I click on the Next step button.........................................skipped
And I state that I am not visiting a partner of family......................skipped
And I submit the form.......................................................skipped
Then I will be informed "You’ll need a visa to come to the UK"..............skipped

StackTrace:
org.openqa.selenium.NoSuchElementException: no such element: Unable to locate element: {"method":"xpath","selector":"//button[contains(text(),'Next step')]"}
  (Session info: chrome=88.0.4324.104)
For documentation on this error, please visit: http://seleniumhq.org/exceptions/no_such_element.html
Build info: version: '3.14.0', revision: 'aacccce0', time: '2018-08-02T20:19:58.91Z'
System info: host: 'BOBBY-PC', ip: '192.168.1.25', os.name: 'Windows 10', os.arch: 'amd64', os.version: '10.0', java.version: '15.0.1'
Driver info: org.openqa.selenium.chrome.ChromeDriver
Capabilities {acceptInsecureCerts: false, browserName: chrome, browserVersion: 88.0.4324.104, chrome: {chromedriverVersion: 87.0.4280.88 (89e2380a3e36c..., userDataDir: C:\Users\Bobby\AppData\Loca...}, goog:chromeOptions: {debuggerAddress: localhost:50151}, javascriptEnabled: true, networkConnectionEnabled: false, pageLoadStrategy: normal, platform: WINDOWS, platformName: WINDOWS, proxy: Proxy(), setWindowRect: true, strictFileInteractability: false, timeouts: {implicit: 0, pageLoad: 300000, script: 30000}, unhandledPromptBehavior: dismiss and notify, webauthn:virtualAuthenticators: true}
Session ID: 54b06d19418c90afb01f69dfc564935a
*** Element info: {Using=xpath, value=//button[contains(text(),'Next step')]}
	at java.base/jdk.internal.reflect.NativeConstructorAccessorImpl.newInstance0(Native Method)
	at java.base/jdk.internal.reflect.NativeConstructorAccessorImpl.newInstance(NativeConstructorAccessorImpl.java:64)
	at java.base/jdk.internal.reflect.DelegatingConstructorAccessorImpl.newInstance(DelegatingConstructorAccessorImpl.java:45)
	at java.base/java.lang.reflect.Constructor.newInstanceWithCaller(Constructor.java:500)
	at java.base/java.lang.reflect.Constructor.newInstance(Constructor.java:481)
	at org.openqa.selenium.remote.http.W3CHttpResponseCodec.createException(W3CHttpResponseCodec.java:187)
	at org.openqa.selenium.remote.http.W3CHttpResponseCodec.decode(W3CHttpResponseCodec.java:122)
	at org.openqa.selenium.remote.http.W3CHttpResponseCodec.decode(W3CHttpResponseCodec.java:49)
	at org.openqa.selenium.remote.HttpCommandExecutor.execute(HttpCommandExecutor.java:158)
	at org.openqa.selenium.remote.service.DriverCommandExecutor.execute(DriverCommandExecutor.java:83)
	at org.openqa.selenium.remote.RemoteWebDriver.execute(RemoteWebDriver.java:548)
	at org.openqa.selenium.remote.RemoteWebDriver.findElement(RemoteWebDriver.java:322)
	at org.openqa.selenium.remote.RemoteWebDriver.findElementByXPath(RemoteWebDriver.java:424)
	at org.openqa.selenium.By$ByXPath.findElement(By.java:353)
	at org.openqa.selenium.remote.RemoteWebDriver.findElement(RemoteWebDriver.java:314)
	at step_defintions.UkbaStepDefinitions.i_click_on_the_next_step_button(UkbaStepDefinitions.java:41)
	at ✽.I click on the Next step button(file:///C:/Users/Bobby/IdeaProjects/abdul1200/learntoautomatefunctionaltest_uiB/src/main/resources/feature_files/Ukba.feature:68)
]]></failure>
    </testcase>
    <testcase classname="Confirm whether a visa is required to visit the UK" name="Nationalities coming to UK for Tourism and not visiting Family will require Visa with Examples 3" time="8.858">
        <failure message="no such element: Unable to locate element: {&quot;method&quot;:&quot;xpath&quot;,&quot;selector&quot;:&quot;//button[contains(text(),'Next step')]&quot;}&#10;  (Session info: chrome=88.0.4324.104)&#10;For documentation on this error, please visit: http://seleniumhq.org/exceptions/no_such_element.html&#10;Build info: version: '3.14.0', revision: 'aacccce0', time: '2018-08-02T20:19:58.91Z'&#10;System info: host: 'BOBBY-PC', ip: '192.168.1.25', os.name: 'Windows 10', os.arch: 'amd64', os.version: '10.0', java.version: '15.0.1'&#10;Driver info: org.openqa.selenium.chrome.ChromeDriver&#10;Capabilities {acceptInsecureCerts: false, browserName: chrome, browserVersion: 88.0.4324.104, chrome: {chromedriverVersion: 87.0.4280.88 (89e2380a3e36c..., userDataDir: C:\Users\Bobby\AppData\Loca...}, goog:chromeOptions: {debuggerAddress: localhost:50172}, javascriptEnabled: true, networkConnectionEnabled: false, pageLoadStrategy: normal, platform: WINDOWS, platformName: WINDOWS, proxy: Proxy(), setWindowRect: true, strictFileInteractability: false, timeouts: {implicit: 0, pageLoad: 300000, script: 30000}, unhandledPromptBehavior: dismiss and notify, webauthn:virtualAuthenticators: true}&#10;Session ID: d224d90c889b038d514cccf2dd6077ec&#10;*** Element info: {Using=xpath, value=//button[contains(text(),'Next step')]}" type="org.openqa.selenium.NoSuchElementException"><![CDATA[Given I am on the UKBA website..............................................passed
When I provide nationality of "Belarus".....................................passed
And I click on the Next step button.........................................failed
And I select the reason as "Tourism"........................................skipped
And I click on the Next step button.........................................skipped
And I state that I am not visiting a partner of family......................skipped
And I submit the form.......................................................skipped
Then I will be informed "You’ll need a visa to come to the UK"..............skipped

StackTrace:
org.openqa.selenium.NoSuchElementException: no such element: Unable to locate element: {"method":"xpath","selector":"//button[contains(text(),'Next step')]"}
  (Session info: chrome=88.0.4324.104)
For documentation on this error, please visit: http://seleniumhq.org/exceptions/no_such_element.html
Build info: version: '3.14.0', revision: 'aacccce0', time: '2018-08-02T20:19:58.91Z'
System info: host: 'BOBBY-PC', ip: '192.168.1.25', os.name: 'Windows 10', os.arch: 'amd64', os.version: '10.0', java.version: '15.0.1'
Driver info: org.openqa.selenium.chrome.ChromeDriver
Capabilities {acceptInsecureCerts: false, browserName: chrome, browserVersion: 88.0.4324.104, chrome: {chromedriverVersion: 87.0.4280.88 (89e2380a3e36c..., userDataDir: C:\Users\Bobby\AppData\Loca...}, goog:chromeOptions: {debuggerAddress: localhost:50172}, javascriptEnabled: true, networkConnectionEnabled: false, pageLoadStrategy: normal, platform: WINDOWS, platformName: WINDOWS, proxy: Proxy(), setWindowRect: true, strictFileInteractability: false, timeouts: {implicit: 0, pageLoad: 300000, script: 30000}, unhandledPromptBehavior: dismiss and notify, webauthn:virtualAuthenticators: true}
Session ID: d224d90c889b038d514cccf2dd6077ec
*** Element info: {Using=xpath, value=//button[contains(text(),'Next step')]}
	at java.base/jdk.internal.reflect.NativeConstructorAccessorImpl.newInstance0(Native Method)
	at java.base/jdk.internal.reflect.NativeConstructorAccessorImpl.newInstance(NativeConstructorAccessorImpl.java:64)
	at java.base/jdk.internal.reflect.DelegatingConstructorAccessorImpl.newInstance(DelegatingConstructorAccessorImpl.java:45)
	at java.base/java.lang.reflect.Constructor.newInstanceWithCaller(Constructor.java:500)
	at java.base/java.lang.reflect.Constructor.newInstance(Constructor.java:481)
	at org.openqa.selenium.remote.http.W3CHttpResponseCodec.createException(W3CHttpResponseCodec.java:187)
	at org.openqa.selenium.remote.http.W3CHttpResponseCodec.decode(W3CHttpResponseCodec.java:122)
	at org.openqa.selenium.remote.http.W3CHttpResponseCodec.decode(W3CHttpResponseCodec.java:49)
	at org.openqa.selenium.remote.HttpCommandExecutor.execute(HttpCommandExecutor.java:158)
	at org.openqa.selenium.remote.service.DriverCommandExecutor.execute(DriverCommandExecutor.java:83)
	at org.openqa.selenium.remote.RemoteWebDriver.execute(RemoteWebDriver.java:548)
	at org.openqa.selenium.remote.RemoteWebDriver.findElement(RemoteWebDriver.java:322)
	at org.openqa.selenium.remote.RemoteWebDriver.findElementByXPath(RemoteWebDriver.java:424)
	at org.openqa.selenium.By$ByXPath.findElement(By.java:353)
	at org.openqa.selenium.remote.RemoteWebDriver.findElement(RemoteWebDriver.java:314)
	at step_defintions.UkbaStepDefinitions.i_click_on_the_next_step_button(UkbaStepDefinitions.java:41)
	at ✽.I click on the Next step button(file:///C:/Users/Bobby/IdeaProjects/abdul1200/learntoautomatefunctionaltest_uiB/src/main/resources/feature_files/Ukba.feature:68)
]]></failure>
    </testcase>
    <testcase classname="Confirm whether a visa is required to visit the UK" name="Nationalities coming to UK for Tourism and not visiting Family will require Visa with Examples 4" time="8.884">
        <failure message="no such element: Unable to locate element: {&quot;method&quot;:&quot;xpath&quot;,&quot;selector&quot;:&quot;//button[contains(text(),'Next step')]&quot;}&#10;  (Session info: chrome=88.0.4324.104)&#10;For documentation on this error, please visit: http://seleniumhq.org/exceptions/no_such_element.html&#10;Build info: version: '3.14.0', revision: 'aacccce0', time: '2018-08-02T20:19:58.91Z'&#10;System info: host: 'BOBBY-PC', ip: '192.168.1.25', os.name: 'Windows 10', os.arch: 'amd64', os.version: '10.0', java.version: '15.0.1'&#10;Driver info: org.openqa.selenium.chrome.ChromeDriver&#10;Capabilities {acceptInsecureCerts: false, browserName: chrome, browserVersion: 88.0.4324.104, chrome: {chromedriverVersion: 87.0.4280.88 (89e2380a3e36c..., userDataDir: C:\Users\Bobby\AppData\Loca...}, goog:chromeOptions: {debuggerAddress: localhost:50197}, javascriptEnabled: true, networkConnectionEnabled: false, pageLoadStrategy: normal, platform: WINDOWS, platformName: WINDOWS, proxy: Proxy(), setWindowRect: true, strictFileInteractability: false, timeouts: {implicit: 0, pageLoad: 300000, script: 30000}, unhandledPromptBehavior: dismiss and notify, webauthn:virtualAuthenticators: true}&#10;Session ID: 1856261f595a2ba6f35dcee80df2dd28&#10;*** Element info: {Using=xpath, value=//button[contains(text(),'Next step')]}" type="org.openqa.selenium.NoSuchElementException"><![CDATA[Given I am on the UKBA website..............................................passed
When I provide nationality of "Albania".....................................passed
And I click on the Next step button.........................................failed
And I select the reason as "Tourism"........................................skipped
And I click on the Next step button.........................................skipped
And I state that I am not visiting a partner of family......................skipped
And I submit the form.......................................................skipped
Then I will be informed "You’ll need a visa to come to the UK"..............skipped

StackTrace:
org.openqa.selenium.NoSuchElementException: no such element: Unable to locate element: {"method":"xpath","selector":"//button[contains(text(),'Next step')]"}
  (Session info: chrome=88.0.4324.104)
For documentation on this error, please visit: http://seleniumhq.org/exceptions/no_such_element.html
Build info: version: '3.14.0', revision: 'aacccce0', time: '2018-08-02T20:19:58.91Z'
System info: host: 'BOBBY-PC', ip: '192.168.1.25', os.name: 'Windows 10', os.arch: 'amd64', os.version: '10.0', java.version: '15.0.1'
Driver info: org.openqa.selenium.chrome.ChromeDriver
Capabilities {acceptInsecureCerts: false, browserName: chrome, browserVersion: 88.0.4324.104, chrome: {chromedriverVersion: 87.0.4280.88 (89e2380a3e36c..., userDataDir: C:\Users\Bobby\AppData\Loca...}, goog:chromeOptions: {debuggerAddress: localhost:50197}, javascriptEnabled: true, networkConnectionEnabled: false, pageLoadStrategy: normal, platform: WINDOWS, platformName: WINDOWS, proxy: Proxy(), setWindowRect: true, strictFileInteractability: false, timeouts: {implicit: 0, pageLoad: 300000, script: 30000}, unhandledPromptBehavior: dismiss and notify, webauthn:virtualAuthenticators: true}
Session ID: 1856261f595a2ba6f35dcee80df2dd28
*** Element info: {Using=xpath, value=//button[contains(text(),'Next step')]}
	at java.base/jdk.internal.reflect.NativeConstructorAccessorImpl.newInstance0(Native Method)
	at java.base/jdk.internal.reflect.NativeConstructorAccessorImpl.newInstance(NativeConstructorAccessorImpl.java:64)
	at java.base/jdk.internal.reflect.DelegatingConstructorAccessorImpl.newInstance(DelegatingConstructorAccessorImpl.java:45)
	at java.base/java.lang.reflect.Constructor.newInstanceWithCaller(Constructor.java:500)
	at java.base/java.lang.reflect.Constructor.newInstance(Constructor.java:481)
	at org.openqa.selenium.remote.http.W3CHttpResponseCodec.createException(W3CHttpResponseCodec.java:187)
	at org.openqa.selenium.remote.http.W3CHttpResponseCodec.decode(W3CHttpResponseCodec.java:122)
	at org.openqa.selenium.remote.http.W3CHttpResponseCodec.decode(W3CHttpResponseCodec.java:49)
	at org.openqa.selenium.remote.HttpCommandExecutor.execute(HttpCommandExecutor.java:158)
	at org.openqa.selenium.remote.service.DriverCommandExecutor.execute(DriverCommandExecutor.java:83)
	at org.openqa.selenium.remote.RemoteWebDriver.execute(RemoteWebDriver.java:548)
	at org.openqa.selenium.remote.RemoteWebDriver.findElement(RemoteWebDriver.java:322)
	at org.openqa.selenium.remote.RemoteWebDriver.findElementByXPath(RemoteWebDriver.java:424)
	at org.openqa.selenium.By$ByXPath.findElement(By.java:353)
	at org.openqa.selenium.remote.RemoteWebDriver.findElement(RemoteWebDriver.java:314)
	at step_defintions.UkbaStepDefinitions.i_click_on_the_next_step_button(UkbaStepDefinitions.java:41)
	at ✽.I click on the Next step button(file:///C:/Users/Bobby/IdeaProjects/abdul1200/learntoautomatefunctionaltest_uiB/src/main/resources/feature_files/Ukba.feature:68)
]]></failure>
    </testcase>
</testsuite>
